<?xml version="1.0" encoding="UTF-8"?>
<testng-results skipped="0" failed="0" ignored="0" total="1" passed="1">
  <reporter-output>
  </reporter-output>
  <suite name="Default suite" duration-ms="21236" started-at="2022-09-27T22:36:20 IST" finished-at="2022-09-27T22:36:41 IST">
    <groups>
    </groups>
    <test name="Default test" duration-ms="21236" started-at="2022-09-27T22:36:20 IST" finished-at="2022-09-27T22:36:41 IST">
      <class name="AutomationTesting.TC01Test">
        <test-method status="PASS" signature="initialize()[pri:0, instance:AutomationTesting.TC01Test@74ad1f1f]" name="initialize" is-config="true" duration-ms="15916" started-at="2022-09-27T22:36:20 IST" finished-at="2022-09-27T22:36:36 IST">
          <reporter-output>
          </reporter-output>
        </test-method> <!-- initialize -->
        <test-method status="PASS" signature="verifyFunctionality()[pri:0, instance:AutomationTesting.TC01Test@74ad1f1f]" name="verifyFunctionality" duration-ms="5158" started-at="2022-09-27T22:36:36 IST" finished-at="2022-09-27T22:36:41 IST">
          <reporter-output>
          </reporter-output>
        </test-method> <!-- verifyFunctionality -->
        <test-method status="PASS" signature="tearDown()[pri:0, instance:AutomationTesting.TC01Test@74ad1f1f]" name="tearDown" is-config="true" duration-ms="115" started-at="2022-09-27T22:36:41 IST" finished-at="2022-09-27T22:36:41 IST">
          <reporter-output>
          </reporter-output>
        </test-method> <!-- tearDown -->
      </class> <!-- AutomationTesting.TC01Test -->
    </test> <!-- Default test -->
  </suite> <!-- Default suite -->
</testng-results>
